app/build/intermediates/manifest_merge_blame_file/debug/manifest-merger-blame-debug-report.txt
1<?xml version="1.0" encoding="utf-8"?>
2<manifest xmlns:android="http://schemas.android.com/apk/res/android"
3    package="com.znhaas.demo"
4    android:versionCode="1"
5    android:versionName="1.0.0" >
6
7    <uses-sdk
8        android:minSdkVersion="22"
9        android:targetSdkVersion="34" />
10
11    <uses-feature
11-->[:ble-sdk] AndroidManifest.xml:7:5-9:36
12        android:name="android.hardware.bluetooth_le"
12-->[:ble-sdk] AndroidManifest.xml:8:9-53
13        android:required="false" />
13-->[:ble-sdk] AndroidManifest.xml:9:9-33
14
15    <uses-permission
15-->[:ble-sdk] AndroidManifest.xml:11:5-13:38
16        android:name="android.permission.BLUETOOTH"
16-->[:ble-sdk] AndroidManifest.xml:12:9-52
17        android:maxSdkVersion="30" />
17-->[:ble-sdk] AndroidManifest.xml:13:9-35
18    <uses-permission
18-->[:ble-sdk] AndroidManifest.xml:14:5-16:38
19        android:name="android.permission.BLUETOOTH_ADMIN"
19-->[:ble-sdk] AndroidManifest.xml:15:9-58
20        android:maxSdkVersion="30" />
20-->[:ble-sdk] AndroidManifest.xml:16:9-35
21    <uses-permission
21-->[:ble-sdk] AndroidManifest.xml:17:5-19:38
22        android:name="android.permission.ACCESS_COARSE_LOCATION"
22-->[:ble-sdk] AndroidManifest.xml:18:9-65
23        android:maxSdkVersion="30" />
23-->[:ble-sdk] AndroidManifest.xml:19:9-35
24    <uses-permission android:name="android.permission.ACCESS_FINE_LOCATION" />
24-->[:ble-sdk] AndroidManifest.xml:20:5-79
24-->[:ble-sdk] AndroidManifest.xml:20:22-76
25    <uses-permission android:name="android.permission.BLUETOOTH_SCAN" />
25-->[:ble-sdk] AndroidManifest.xml:21:5-73
25-->[:ble-sdk] AndroidManifest.xml:21:22-70
26    <uses-permission android:name="android.permission.BLUETOOTH_CONNECT" />
26-->[:ble-sdk] AndroidManifest.xml:22:5-76
26-->[:ble-sdk] AndroidManifest.xml:22:22-73
27
28    <permission
28-->[androidx.core:core:1.12.0] AndroidManifest.xml:22:5-24:47
29        android:name="com.znhaas.demo.DYNAMIC_RECEIVER_NOT_EXPORTED_PERMISSION"
29-->[androidx.core:core:1.12.0] AndroidManifest.xml:23:9-81
30        android:protectionLevel="signature" />
30-->[androidx.core:core:1.12.0] AndroidManifest.xml:24:9-44
31
32    <uses-permission android:name="com.znhaas.demo.DYNAMIC_RECEIVER_NOT_EXPORTED_PERMISSION" />
32-->[androidx.core:core:1.12.0] AndroidManifest.xml:26:5-97
32-->[androidx.core:core:1.12.0] AndroidManifest.xml:26:22-94
33
34    <application
34-->src/main/AndroidManifest.xml:4:5-19:19
35        android:allowBackup="true"
35-->src/main/AndroidManifest.xml:5:9-35
36        android:appComponentFactory="androidx.core.app.CoreComponentFactory"
36-->[androidx.core:core:1.12.0] AndroidManifest.xml:28:18-86
37        android:debuggable="true"
38        android:extractNativeLibs="true"
39        android:icon="@android:drawable/stat_sys_data_bluetooth"
39-->src/main/AndroidManifest.xml:6:9-65
40        android:label="@string/app_name"
40-->src/main/AndroidManifest.xml:7:9-41
41        android:supportsRtl="true"
41-->src/main/AndroidManifest.xml:8:9-35
42        android:testOnly="true"
43        android:theme="@style/Theme.QuickBleDemo" >
43-->src/main/AndroidManifest.xml:9:9-50
44        <activity
44-->src/main/AndroidManifest.xml:10:9-18:20
45            android:name="com.znhaas.demo.MainActivity"
45-->src/main/AndroidManifest.xml:11:13-41
46            android:exported="true" >
46-->src/main/AndroidManifest.xml:12:13-36
47            <intent-filter>
47-->src/main/AndroidManifest.xml:13:13-17:29
48                <action android:name="android.intent.action.MAIN" />
48-->src/main/AndroidManifest.xml:14:17-69
48-->src/main/AndroidManifest.xml:14:25-66
49
50                <category android:name="android.intent.category.LAUNCHER" />
50-->src/main/AndroidManifest.xml:16:17-77
50-->src/main/AndroidManifest.xml:16:27-74
51            </intent-filter>
52        </activity>
53        <!--
54		Service used to scan in background to emulate scanning with
55		PendingIntent on Android 4.3 - 7.x. Service will scan in background with given
56		settings and filters.
57        -->
58        <service
58-->[no.nordicsemi.android.support.v18:scanner:1.6.0] AndroidManifest.xml:41:9-43:40
59            android:name="no.nordicsemi.android.support.v18.scanner.ScannerService"
59-->[no.nordicsemi.android.support.v18:scanner:1.6.0] AndroidManifest.xml:42:13-84
60            android:exported="false" />
60-->[no.nordicsemi.android.support.v18:scanner:1.6.0] AndroidManifest.xml:43:13-37
61        <!--
62		The receiver used to scan with PendingIntent on Android 8+.
63		It will translate results from android.bluetooth.le package to
64		no.nordicsemi.android.support.v18, apply filters or perform batching,
65		depending on the settings.
66        -->
67        <receiver
67-->[no.nordicsemi.android.support.v18:scanner:1.6.0] AndroidManifest.xml:51:9-58:20
68            android:name="no.nordicsemi.android.support.v18.scanner.PendingIntentReceiver"
68-->[no.nordicsemi.android.support.v18:scanner:1.6.0] AndroidManifest.xml:52:13-91
69            android:exported="true" >
69-->[no.nordicsemi.android.support.v18:scanner:1.6.0] AndroidManifest.xml:53:13-36
70            <intent-filter>
70-->[no.nordicsemi.android.support.v18:scanner:1.6.0] AndroidManifest.xml:55:13-57:29
71                <action android:name="no.nordicsemi.android.support.v18.ACTION_FOUND" />
71-->[no.nordicsemi.android.support.v18:scanner:1.6.0] AndroidManifest.xml:56:17-89
71-->[no.nordicsemi.android.support.v18:scanner:1.6.0] AndroidManifest.xml:56:25-86
72            </intent-filter>
73        </receiver>
74
75        <provider
75-->[androidx.emoji2:emoji2:1.2.0] AndroidManifest.xml:24:9-32:20
76            android:name="androidx.startup.InitializationProvider"
76-->[androidx.emoji2:emoji2:1.2.0] AndroidManifest.xml:25:13-67
77            android:authorities="com.znhaas.demo.androidx-startup"
77-->[androidx.emoji2:emoji2:1.2.0] AndroidManifest.xml:26:13-68
78            android:exported="false" >
78-->[androidx.emoji2:emoji2:1.2.0] AndroidManifest.xml:27:13-37
79            <meta-data
79-->[androidx.emoji2:emoji2:1.2.0] AndroidManifest.xml:29:13-31:52
80                android:name="androidx.emoji2.text.EmojiCompatInitializer"
80-->[androidx.emoji2:emoji2:1.2.0] AndroidManifest.xml:30:17-75
81                android:value="androidx.startup" />
81-->[androidx.emoji2:emoji2:1.2.0] AndroidManifest.xml:31:17-49
82            <meta-data
82-->[androidx.lifecycle:lifecycle-process:2.4.1] AndroidManifest.xml:31:13-33:52
83                android:name="androidx.lifecycle.ProcessLifecycleInitializer"
83-->[androidx.lifecycle:lifecycle-process:2.4.1] AndroidManifest.xml:32:17-78
84                android:value="androidx.startup" />
84-->[androidx.lifecycle:lifecycle-process:2.4.1] AndroidManifest.xml:33:17-49
85        </provider>
86    </application>
87
88</manifest>